<?xml version="1.0" encoding="UTF-8" ?>
<testsuite tests="13" failures="0" name="PacienteTest" time="0.046" errors="0" skipped="0">
  <properties>
    <property name="java.runtime.name" value="OpenJDK Runtime Environment"/>
    <property name="java.vm.version" value="11.0.9+11-Ubuntu-0ubuntu1.20.04"/>
    <property name="sun.boot.library.path" value="/usr/lib/jvm/java-11-openjdk-amd64/lib"/>
    <property name="maven.multiModuleProjectDirectory" value="/home/ubuntu20/Escritorio/Hospital"/>
    <property name="java.vm.vendor" value="Ubuntu"/>
    <property name="java.vendor.url" value="https://ubuntu.com/"/>
    <property name="guice.disable.misplaced.annotation.check" value="true"/>
    <property name="path.separator" value=":"/>
    <property name="java.vm.name" value="OpenJDK 64-Bit Server VM"/>
    <property name="sun.os.patch.level" value="unknown"/>
    <property name="user.country" value="ES"/>
    <property name="sun.java.launcher" value="SUN_STANDARD"/>
    <property name="test" value="PacienteTest"/>
    <property name="java.vm.specification.name" value="Java Virtual Machine Specification"/>
    <property name="user.dir" value="/home/ubuntu20/Escritorio/Hospital"/>
    <property name="java.vm.compressedOopsMode" value="Zero based"/>
    <property name="java.runtime.version" value="11.0.9+11-Ubuntu-0ubuntu1.20.04"/>
    <property name="java.awt.graphicsenv" value="sun.awt.X11GraphicsEnvironment"/>
    <property name="os.arch" value="amd64"/>
    <property name="java.io.tmpdir" value="/tmp"/>
    <property name="line.separator" value="
"/>
    <property name="java.vm.specification.vendor" value="Oracle Corporation"/>
    <property name="os.name" value="Linux"/>
    <property name="maven.ext.class.path" value="/snap/netbeans/35/netbeans/java/maven-nblib/netbeans-eventspy.jar"/>
    <property name="classworlds.conf" value="/snap/netbeans/35/netbeans/java/maven/bin/m2.conf"/>
    <property name="sun.jnu.encoding" value="UTF-8"/>
    <property name="java.library.path" value="/usr/java/packages/lib:/usr/lib/x86_64-linux-gnu/jni:/lib/x86_64-linux-gnu:/usr/lib/x86_64-linux-gnu:/usr/lib/jni:/lib:/usr/lib"/>
    <property name="maven.conf" value="/snap/netbeans/35/netbeans/java/maven/conf"/>
    <property name="jdk.debug" value="release"/>
    <property name="java.class.version" value="55.0"/>
    <property name="java.specification.name" value="Java Platform API Specification"/>
    <property name="sun.management.compiler" value="HotSpot 64-Bit Tiered Compilers"/>
    <property name="os.version" value="5.4.0-52-generic"/>
    <property name="library.jansi.path" value="/snap/netbeans/35/netbeans/java/maven/lib/jansi-native"/>
    <property name="user.home" value="/home/ubuntu20"/>
    <property name="user.timezone" value="Europe/Madrid"/>
    <property name="java.awt.printerjob" value="sun.print.PSPrinterJob"/>
    <property name="file.encoding" value="UTF-8"/>
    <property name="java.specification.version" value="11"/>
    <property name="user.name" value="ubuntu20"/>
    <property name="java.class.path" value="/snap/netbeans/35/netbeans/java/maven/boot/plexus-classworlds-2.6.0.jar"/>
    <property name="java.vm.specification.version" value="11"/>
    <property name="sun.arch.data.model" value="64"/>
    <property name="sun.java.command" value="org.codehaus.plexus.classworlds.launcher.Launcher -Dtest=PacienteTest -Dmaven.ext.class.path=/snap/netbeans/35/netbeans/java/maven-nblib/netbeans-eventspy.jar surefire:test"/>
    <property name="java.home" value="/usr/lib/jvm/java-11-openjdk-amd64"/>
    <property name="user.language" value="es"/>
    <property name="java.specification.vendor" value="Oracle Corporation"/>
    <property name="awt.toolkit" value="sun.awt.X11.XToolkit"/>
    <property name="java.vm.info" value="mixed mode, sharing"/>
    <property name="java.version" value="11.0.9"/>
    <property name="securerandom.source" value="file:/dev/./urandom"/>
    <property name="java.vendor" value="Ubuntu"/>
    <property name="maven.home" value="/snap/netbeans/35/netbeans/java/maven"/>
    <property name="file.separator" value="/"/>
    <property name="java.version.date" value="2020-10-20"/>
    <property name="java.vendor.url.bug" value="https://bugs.launchpad.net/ubuntu/+source/openjdk-lts"/>
    <property name="sun.io.unicode.encoding" value="UnicodeLittle"/>
    <property name="sun.cpu.endian" value="little"/>
    <property name="sun.desktop" value="gnome"/>
    <property name="sun.cpu.isalist" value=""/>
  </properties>
  <testcase classname="PacienteTest" name="Un_paciente_no_mayor_con_cansancio_tosSeca_no_requiere_aislamiento" time="0.018"/>
  <testcase classname="PacienteTest" name="Un_paciente_sin_edad_ni_sintomas_no_requiere_aislamiento" time="0"/>
  <testcase classname="PacienteTest" name="Un_paciente_sin_apellido_ni_nombre_se_muestra_un_guion" time="0"/>
  <testcase classname="PacienteTest" name="Un_paciente_sin_apellido_pero_con_nombre_se_muestra_con_el_nombre" time="0"/>
  <testcase classname="PacienteTest" name="Un_paciente_no_mayor_con_cansancio_tosSeca_fiebre_no_requiere_aislamiento" time="0.002"/>
  <testcase classname="PacienteTest" name="Un_paciente_mayor_con_dos_sintomas_covid_requiere_aislamiento" time="0"/>
  <testcase classname="PacienteTest" name="Un_paciente_mayor_con_fiebre_cansancio_diarrea_requiere_aislamiento" time="0"/>
  <testcase classname="PacienteTest" name="Un_paciente_mayor_con_un_sintoma_covid_no_requiere_aislamientoTest" time="0"/>
  <testcase classname="PacienteTest" name="Un_paciente_con_nombre_y_apellido_se_muestra_con_el_apellido_coma_nombre" time="0.024"/>
  <testcase classname="PacienteTest" name="Un_paciente_mayor_sin_sintomas_no_requiere_aislamiento" time="0"/>
  <testcase classname="PacienteTest" name="Un_paciente_sin_nombre_pero_con_apellido_se_muestra_con_el_apellido" time="0.001"/>
  <testcase classname="PacienteTest" name="Un_paciente_sin_edad_con_cansancio_tosSeca_fiebre_no_requiere_aislamiento" time="0"/>
  <testcase classname="PacienteTest" name="Un_paciente_mayor_con_cansancio_diarrea_no_requiere_aislamiento" time="0.001"/>
</testsuite>